nohup: ignoring input
Processing dataset: liver_nuclei
2025-08-29 10:52:30.792037: E external/local_xla/xla/stream_executor/cuda/cuda_fft.cc:479] Unable to register cuFFT factory: Attempting to register factory for plugin cuFFT when one has already been registered
2025-08-29 10:52:30.812136: E external/local_xla/xla/stream_executor/cuda/cuda_dnn.cc:10575] Unable to register cuDNN factory: Attempting to register factory for plugin cuDNN when one has already been registered
2025-08-29 10:52:30.812184: E external/local_xla/xla/stream_executor/cuda/cuda_blas.cc:1442] Unable to register cuBLAS factory: Attempting to register factory for plugin cuBLAS when one has already been registered
GPUs detectadas: ['/physical_device:GPU:0']
🚀 Nuclei Segmentation Training:
   📁 Train: data/processed/liver_nuclei/data_train.hdf5
   📁 Val: data/processed/liver_nuclei/data_val.hdf5
   🏷️  Model: resunet_liver_nuclei
   📁 Output: /medicina/hmorales/projects/NucleiSegmentation3D/code/models
   🔢 Epochs: 300
   📦 Batch size: 8
   📈 Learning rate: 0.001
   🎯 Dropout rate: 0.3
   🔧 Filters: 32
   ⏹️  Early stopping patience: 15
   🎲 Random seed: 42

Reproducibility setup completed with seed: 42
Training started...
Training on full dataset...
Epoch 1/300
/usr/local/anaconda38/envs/decodingnet/lib/python3.10/site-packages/keras/src/trainers/epoch_iterator.py:151: UserWarning: Your input ran out of data; interrupting training. Make sure that your dataset or generator can generate at least `steps_per_epoch * epochs` batches. You may need to use the `.repeat()` function when building your dataset.
  self._interrupted_warning()
48/48 - 835s - 17s/step - activation_30_loss: 1.0178 - activation_30_mae: 0.3567 - conv3d_80_dice_coef: -3.4445e+01 - conv3d_80_loss: 24.1033 - loss: 25.2529 - val_activation_30_loss: 60.0158 - val_activation_30_mae: 0.8626 - val_conv3d_80_dice_coef: -1.6660e+00 - val_conv3d_80_loss: 324.6366 - val_loss: 448.6853 - learning_rate: 0.0010
Epoch 2/300
48/48 - 648s - 14s/step - activation_30_loss: 0.7958 - activation_30_mae: 0.3283 - conv3d_80_dice_coef: -1.5906e+02 - conv3d_80_loss: 18.6803 - loss: 19.8666 - val_activation_30_loss: 2.0162 - val_activation_30_mae: 0.4939 - val_conv3d_80_dice_coef: -4.8244e+00 - val_conv3d_80_loss: 30.4187 - val_loss: 38.3083 - learning_rate: 0.0010
Epoch 3/300
48/48 - 551s - 11s/step - activation_30_loss: 0.6899 - activation_30_mae: 0.3077 - conv3d_80_dice_coef: 296.2907 - conv3d_80_loss: 16.8434 - loss: 17.5296 - val_activation_30_loss: 0.6384 - val_activation_30_mae: 0.3325 - val_conv3d_80_dice_coef: -3.9890e-01 - val_conv3d_80_loss: 30.8590 - val_loss: 37.2423 - learning_rate: 0.0010
Epoch 4/300
48/48 - 591s - 12s/step - activation_30_loss: 0.6109 - activation_30_mae: 0.2911 - conv3d_80_dice_coef: -5.3769e+02 - conv3d_80_loss: 16.3223 - loss: 17.2995 - val_activation_30_loss: 0.5842 - val_activation_30_mae: 0.3161 - val_conv3d_80_dice_coef: -2.7516e-02 - val_conv3d_80_loss: 30.9720 - val_loss: 37.3161 - learning_rate: 0.0010
Epoch 5/300
48/48 - 536s - 11s/step - activation_30_loss: 0.5542 - activation_30_mae: 0.2752 - conv3d_80_dice_coef: -5.2084e+02 - conv3d_80_loss: 16.0677 - loss: 16.9498 - val_activation_30_loss: 0.5580 - val_activation_30_mae: 0.3102 - val_conv3d_80_dice_coef: -1.4703e+00 - val_conv3d_80_loss: 30.8871 - val_loss: 37.1893 - learning_rate: 0.0010
Epoch 6/300
48/48 - 542s - 11s/step - activation_30_loss: 0.4885 - activation_30_mae: 0.2592 - conv3d_80_dice_coef: -2.4591e+02 - conv3d_80_loss: 14.9572 - loss: 15.8315 - val_activation_30_loss: 0.5023 - val_activation_30_mae: 0.2895 - val_conv3d_80_dice_coef: 0.3719 - val_conv3d_80_loss: 30.7971 - val_loss: 37.0193 - learning_rate: 0.0010
Epoch 7/300
48/48 - 625s - 13s/step - activation_30_loss: 0.4420 - activation_30_mae: 0.2459 - conv3d_80_dice_coef: -7.2759e+02 - conv3d_80_loss: 15.0015 - loss: 15.7474 - val_activation_30_loss: 0.4471 - val_activation_30_mae: 0.2697 - val_conv3d_80_dice_coef: 2.0655 - val_conv3d_80_loss: 30.8681 - val_loss: 37.0333 - learning_rate: 0.0010
Epoch 8/300
48/48 - 717s - 15s/step - activation_30_loss: 0.4137 - activation_30_mae: 0.2338 - conv3d_80_dice_coef: -3.4177e+02 - conv3d_80_loss: 15.2579 - loss: 15.4688 - val_activation_30_loss: 0.4336 - val_activation_30_mae: 0.2611 - val_conv3d_80_dice_coef: 0.7476 - val_conv3d_80_loss: 30.7937 - val_loss: 36.9365 - learning_rate: 0.0010
Epoch 9/300
48/48 - 756s - 16s/step - activation_30_loss: 0.3811 - activation_30_mae: 0.2254 - conv3d_80_dice_coef: 92.1555 - conv3d_80_loss: 14.7547 - loss: 15.5284 - val_activation_30_loss: 0.3516 - val_activation_30_mae: 0.2387 - val_conv3d_80_dice_coef: 23.4516 - val_conv3d_80_loss: 26.3569 - val_loss: 31.6884 - learning_rate: 0.0010
Epoch 10/300
48/48 - 802s - 17s/step - activation_30_loss: 0.3546 - activation_30_mae: 0.2153 - conv3d_80_dice_coef: -9.4154e+03 - conv3d_80_loss: 14.2082 - loss: 14.9124 - val_activation_30_loss: 0.3513 - val_activation_30_mae: 0.2217 - val_conv3d_80_dice_coef: 48.0139 - val_conv3d_80_loss: 28.6541 - val_loss: 29.5412 - learning_rate: 0.0010
Epoch 11/300
48/48 - 778s - 16s/step - activation_30_loss: 0.3366 - activation_30_mae: 0.2049 - conv3d_80_dice_coef: -2.3607e+02 - conv3d_80_loss: 14.6107 - loss: 14.9959 - val_activation_30_loss: 0.2289 - val_activation_30_mae: 0.1891 - val_conv3d_80_dice_coef: 36.4662 - val_conv3d_80_loss: 12.9938 - val_loss: 15.9136 - learning_rate: 0.0010
Epoch 12/300
48/48 - 741s - 15s/step - activation_30_loss: 0.3088 - activation_30_mae: 0.1976 - conv3d_80_dice_coef: -2.1599e+01 - conv3d_80_loss: 14.1418 - loss: 14.7654 - val_activation_30_loss: 0.2206 - val_activation_30_mae: 0.1874 - val_conv3d_80_dice_coef: 64.5285 - val_conv3d_80_loss: 13.5734 - val_loss: 16.5954 - learning_rate: 0.0010
Epoch 13/300
48/48 - 801s - 17s/step - activation_30_loss: 0.2970 - activation_30_mae: 0.1882 - conv3d_80_dice_coef: 372.3766 - conv3d_80_loss: 14.3284 - loss: 14.5640 - val_activation_30_loss: 0.2055 - val_activation_30_mae: 0.1798 - val_conv3d_80_dice_coef: 67.7005 - val_conv3d_80_loss: 12.1405 - val_loss: 14.7918 - learning_rate: 0.0010
Epoch 14/300
48/48 - 756s - 16s/step - activation_30_loss: 0.2769 - activation_30_mae: 0.1807 - conv3d_80_dice_coef: 1215.4564 - conv3d_80_loss: 14.0342 - loss: 14.3035 - val_activation_30_loss: 0.2321 - val_activation_30_mae: 0.1743 - val_conv3d_80_dice_coef: 130.2852 - val_conv3d_80_loss: 12.4011 - val_loss: 12.9869 - learning_rate: 0.0010
Epoch 15/300
48/48 - 737s - 15s/step - activation_30_loss: 0.2596 - activation_30_mae: 0.1753 - conv3d_80_dice_coef: 608.1089 - conv3d_80_loss: 14.2751 - loss: 14.8542 - val_activation_30_loss: 0.1892 - val_activation_30_mae: 0.1643 - val_conv3d_80_dice_coef: 99.7696 - val_conv3d_80_loss: 10.9419 - val_loss: 13.2539 - learning_rate: 0.0010
Epoch 16/300
48/48 - 759s - 16s/step - activation_30_loss: 0.2498 - activation_30_mae: 0.1689 - conv3d_80_dice_coef: 254.7493 - conv3d_80_loss: 13.8746 - loss: 14.2269 - val_activation_30_loss: 0.1776 - val_activation_30_mae: 0.1560 - val_conv3d_80_dice_coef: 120.4047 - val_conv3d_80_loss: 10.3866 - val_loss: 12.6220 - learning_rate: 0.0010
Epoch 17/300
48/48 - 756s - 16s/step - activation_30_loss: 0.2300 - activation_30_mae: 0.1610 - conv3d_80_dice_coef: 267.9366 - conv3d_80_loss: 13.0529 - loss: 13.2957 - val_activation_30_loss: 0.1663 - val_activation_30_mae: 0.1522 - val_conv3d_80_dice_coef: 50.2785 - val_conv3d_80_loss: 9.9552 - val_loss: 12.0333 - learning_rate: 0.0010
Epoch 18/300
48/48 - 696s - 15s/step - activation_30_loss: 0.2146 - activation_30_mae: 0.1543 - conv3d_80_dice_coef: 296.2925 - conv3d_80_loss: 13.1538 - loss: 13.6536 - val_activation_30_loss: 0.1586 - val_activation_30_mae: 0.1458 - val_conv3d_80_dice_coef: 30.8498 - val_conv3d_80_loss: 10.4774 - val_loss: 12.6741 - learning_rate: 0.0010
Epoch 19/300
48/48 - 764s - 16s/step - activation_30_loss: 0.2078 - activation_30_mae: 0.1511 - conv3d_80_dice_coef: -8.3830e+02 - conv3d_80_loss: 13.1287 - loss: 13.6476 - val_activation_30_loss: 0.1486 - val_activation_30_mae: 0.1401 - val_conv3d_80_dice_coef: 252.8770 - val_conv3d_80_loss: 9.6185 - val_loss: 11.6734 - learning_rate: 0.0010
Epoch 20/300
48/48 - 755s - 16s/step - activation_30_loss: 0.2071 - activation_30_mae: 0.1468 - conv3d_80_dice_coef: 111.7566 - conv3d_80_loss: 13.8971 - loss: 13.7839 - val_activation_30_loss: 0.1467 - val_activation_30_mae: 0.1398 - val_conv3d_80_dice_coef: -8.2859e+03 - val_conv3d_80_loss: 9.3617 - val_loss: 11.3938 - learning_rate: 0.0010
Epoch 21/300
48/48 - 735s - 15s/step - activation_30_loss: 0.2018 - activation_30_mae: 0.1440 - conv3d_80_dice_coef: -7.2061e+02 - conv3d_80_loss: 13.7993 - loss: 14.0292 - val_activation_30_loss: 0.1482 - val_activation_30_mae: 0.1356 - val_conv3d_80_dice_coef: -1.6435e+02 - val_conv3d_80_loss: 9.5768 - val_loss: 11.6544 - learning_rate: 0.0010
Epoch 22/300
48/48 - 725s - 15s/step - activation_30_loss: 0.1924 - activation_30_mae: 0.1404 - conv3d_80_dice_coef: -7.0090e+01 - conv3d_80_loss: 13.5249 - loss: 13.9571 - val_activation_30_loss: 0.1364 - val_activation_30_mae: 0.1267 - val_conv3d_80_dice_coef: 40.2569 - val_conv3d_80_loss: 10.5414 - val_loss: 12.6755 - learning_rate: 0.0010
Epoch 23/300
48/48 - 774s - 16s/step - activation_30_loss: 0.1862 - activation_30_mae: 0.1378 - conv3d_80_dice_coef: 2768.6753 - conv3d_80_loss: 13.9718 - loss: 14.5170 - val_activation_30_loss: 0.1252 - val_activation_30_mae: 0.1214 - val_conv3d_80_dice_coef: 156.4642 - val_conv3d_80_loss: 9.0767 - val_loss: 10.9948 - learning_rate: 0.0010
Epoch 24/300
48/48 - 609s - 13s/step - activation_30_loss: 0.1711 - activation_30_mae: 0.1283 - conv3d_80_dice_coef: 206.7926 - conv3d_80_loss: 13.0064 - loss: 13.2059 - val_activation_30_loss: 0.1178 - val_activation_30_mae: 0.1168 - val_conv3d_80_dice_coef: -1.0054e+03 - val_conv3d_80_loss: 10.1462 - val_loss: 12.3436 - learning_rate: 0.0010
Epoch 25/300
48/48 - 551s - 11s/step - activation_30_loss: 0.1686 - activation_30_mae: 0.1276 - conv3d_80_dice_coef: -1.6355e+03 - conv3d_80_loss: 13.1141 - loss: 13.5996 - val_activation_30_loss: 0.1151 - val_activation_30_mae: 0.1157 - val_conv3d_80_dice_coef: 280.4774 - val_conv3d_80_loss: 9.4220 - val_loss: 11.4724 - learning_rate: 0.0010
Epoch 26/300
48/48 - 674s - 14s/step - activation_30_loss: 0.1651 - activation_30_mae: 0.1230 - conv3d_80_dice_coef: -1.3173e+03 - conv3d_80_loss: 13.6089 - loss: 13.8213 - val_activation_30_loss: 0.1242 - val_activation_30_mae: 0.1143 - val_conv3d_80_dice_coef: 87.8377 - val_conv3d_80_loss: 8.8770 - val_loss: 10.7223 - learning_rate: 0.0010
Epoch 27/300
